This is pdfTeX, Version 3.141592653-2.6-1.40.25 (MiKTeX 24.1) (preloaded format=pdflatex 2025.11.28)  30 NOV 2025 23:36
entering extended mode
 restricted \write18 enabled.
 file:line:error style messages enabled.
 %&-line parsing enabled.
**c:/Users/lemar/elte/szakdolgozat/simulator/dokumentacio/elteikthesis_hu.tex
(c:/Users/lemar/elte/szakdolgozat/simulator/dokumentacio/elteikthesis_hu.tex
LaTeX2e <2023-11-01> patch level 1
L3 programming layer <2024-01-04>
(elteikthesis.cls
Document Class: elteikthesis 2024/04/26 ELTE FI bachelor and master thesis template
(C:\Users\lemar\AppData\Local\MiKTeX\tex/latex/etoolbox\etoolbox.sty
Package: etoolbox 2020/10/05 v2.5k e-TeX tools for LaTeX (JAW)
\etb@tempcnta=\count187
) (C:\Users\lemar\AppData\Local\MiKTeX\tex/latex/l3packages/xparse\xparse.sty (C:\Users\lemar\AppData\Local\MiKTeX\tex/latex/l3kernel\expl3.sty
Package: expl3 2024-01-04 L3 programming layer (loader) 
 (C:\Users\lemar\AppData\Local\MiKTeX\tex/latex/l3backend\l3backend-pdftex.def
File: l3backend-pdftex.def 2024-01-04 L3 backend support: PDF output (pdfTeX)
\l__color_backend_stack_int=\count188
\l__pdf_internal_box=\box51
))
Package: xparse 2023-10-10 L3 Experimental document command parser
) (C:\Users\lemar\AppData\Local\MiKTeX\tex/latex/base\ifthen.sty
Package: ifthen 2022/04/13 v1.1d Standard LaTeX ifthen package (DPC)
) (C:\Users\lemar\AppData\Local\MiKTeX\tex/latex/base\report.cls
Document Class: report 2023/05/17 v1.4n Standard LaTeX document class
(C:\Users\lemar\AppData\Local\MiKTeX\tex/latex/base\size12.clo
File: size12.clo 2023/05/17 v1.4n Standard LaTeX file (size option)
)
\c@part=\count189
\c@chapter=\count190
\c@section=\count191
\c@subsection=\count192
\c@subsubsection=\count193
\c@paragraph=\count194
\c@subparagraph=\count195
\c@figure=\count196
\c@table=\count197
\abovecaptionskip=\skip48
\belowcaptionskip=\skip49
\bibindent=\dimen140
) (C:\Users\lemar\AppData\Local\MiKTeX\tex/generic/iftex\iftex.sty
Package: iftex 2022/02/03 v1.0f TeX engine tests
) (C:\Users\lemar\AppData\Local\MiKTeX\tex/latex/base\inputenc.sty
Package: inputenc 2021/02/14 v1.3d Input encoding file
\inpenc@prehook=\toks17
\inpenc@posthook=\toks18
) (C:\Users\lemar\AppData\Local\MiKTeX\tex/latex/base\fontenc.sty
Package: fontenc 2021/04/29 v2.0v Standard LaTeX package
) (C:\Users\lemar\AppData\Local\MiKTeX\tex/generic/babel\babel.sty
Package: babel 2024/01/07 v24.1 The Babel package
\babel@savecnt=\count198
\U@D=\dimen141
\l@unhyphenated=\language79
 (C:\Users\lemar\AppData\Local\MiKTeX\tex/generic/babel\txtbabel.def)
\bbl@readstream=\read2
\bbl@dirlevel=\count199

*************************************
* Local config file bblopts.cfg used
*
(C:\Users\lemar\AppData\Local\MiKTeX\tex/latex/arabi\bblopts.cfg
File: bblopts.cfg 2005/09/08 v0.1 add Arabic and Farsi to "declared" options of babel
) (C:\Users\lemar\AppData\Local\MiKTeX\tex/latex/babel-english\english.ldf
Language: english 2017/06/06 v3.3r English support from the babel system
Package babel Info: Hyphen rules for 'canadian' set to \l@english
(babel)             (\language0). Reported on input line 102.
Package babel Info: Hyphen rules for 'australian' set to \l@ukenglish
(babel)             (\language73). Reported on input line 105.
Package babel Info: Hyphen rules for 'newzealand' set to \l@ukenglish
(babel)             (\language73). Reported on input line 108.
) (C:\Users\lemar\AppData\Local\MiKTeX\tex/latex/babel-hungarian\magyar.ldf
Language: hungarian 2025/05/02 v1.5d Hungarian support for babel
Package babel Info: Making ` an active character on input line 2778.
\c@footnote@add=\count266
\c@footnote@ch=\count267
)) (C:\Users\lemar\AppData\Local\MiKTeX\tex/generic/babel/locale/hu\babel-hungarian.tex
Package babel Info: Importing font and identification data for hungarian
(babel)             from babel-hu.ini. Reported on input line 11.
) (C:\Users\lemar\AppData\Local\MiKTeX\tex/generic/babel/locale/en\babel-english.tex
Package babel Info: Importing font and identification data for english
(babel)             from babel-en.ini. Reported on input line 11.
) (C:\Users\lemar\AppData\Local\MiKTeX\tex/latex/tools\indentfirst.sty
Package: indentfirst 2023/07/02 v1.03 Indent first paragraph (DPC)
) (C:\Users\lemar\AppData\Local\MiKTeX\tex/latex/geometry\geometry.sty
Package: geometry 2020/01/02 v5.9 Page Geometry
 (C:\Users\lemar\AppData\Local\MiKTeX\tex/latex/graphics\keyval.sty
Package: keyval 2022/05/29 v1.15 key=value parser (DPC)
\KV@toks@=\toks19
) (C:\Users\lemar\AppData\Local\MiKTeX\tex/generic/iftex\ifvtex.sty
Package: ifvtex 2019/10/25 v1.7 ifvtex legacy package. Use iftex instead.
)
\Gm@cnth=\count268
\Gm@cntv=\count269
\c@Gm@tempcnt=\count270
\Gm@bindingoffset=\dimen142
\Gm@wd@mp=\dimen143
\Gm@odd@mp=\dimen144
\Gm@even@mp=\dimen145
\Gm@layoutwidth=\dimen146
\Gm@layoutheight=\dimen147
\Gm@layouthoffset=\dimen148
\Gm@layoutvoffset=\dimen149
\Gm@dimlist=\toks20
 (C:\Users\lemar\AppData\Local\MiKTeX\tex/latex/geometry\geometry.cfg)) (C:\Users\lemar\AppData\Local\MiKTeX\tex/latex/fancyhdr\fancyhdr.sty
Package: fancyhdr 2025/02/07 v5.2 Extensive control of page headers and footers
\f@nch@headwidth=\skip50
\f@nch@offset@elh=\skip51
\f@nch@offset@erh=\skip52
\f@nch@offset@olh=\skip53
\f@nch@offset@orh=\skip54
\f@nch@offset@elf=\skip55
\f@nch@offset@erf=\skip56
\f@nch@offset@olf=\skip57
\f@nch@offset@orf=\skip58
\f@nch@height=\skip59
\f@nch@footalignment=\skip60
\f@nch@widthL=\skip61
\f@nch@widthC=\skip62
\f@nch@widthR=\skip63
\@temptokenb=\toks21
) (C:\Users\lemar\AppData\Local\MiKTeX\tex/latex/graphics\graphicx.sty
Package: graphicx 2021/09/16 v1.2d Enhanced LaTeX Graphics (DPC,SPQR)
 (C:\Users\lemar\AppData\Local\MiKTeX\tex/latex/graphics\graphics.sty
Package: graphics 2022/03/10 v1.4e Standard LaTeX Graphics (DPC,SPQR)
 (C:\Users\lemar\AppData\Local\MiKTeX\tex/latex/graphics\trig.sty
Package: trig 2021/08/11 v1.11 sin cos tan (DPC)
) (C:\Users\lemar\AppData\Local\MiKTeX\tex/latex/graphics-cfg\graphics.cfg
File: graphics.cfg 2016/06/04 v1.11 sample graphics configuration
)
Package graphics Info: Driver file: pdftex.def on input line 107.
 (C:\Users\lemar\AppData\Local\MiKTeX\tex/latex/graphics-def\pdftex.def
File: pdftex.def 2022/09/22 v1.2b Graphics/color driver for pdftex
))
\Gin@req@height=\dimen150
\Gin@req@width=\dimen151
) (C:\Users\lemar\AppData\Local\MiKTeX\tex/latex/float\float.sty
Package: float 2001/11/08 v1.3d Float enhancements (AL)
\c@float@type=\count271
\float@exts=\toks22
\float@box=\box52
\@float@everytoks=\toks23
\@floatcapt=\box53
) (C:\Users\lemar\AppData\Local\MiKTeX\tex/latex/adjustbox\adjustbox.sty
Package: adjustbox 2025/02/26 v1.3c Adjusting TeX boxes (trim, clip, ...)
 (C:\Users\lemar\AppData\Local\MiKTeX\tex/latex/xkeyval\xkeyval.sty
Package: xkeyval 2022/06/16 v2.9 package option processing (HA)
 (C:\Users\lemar\AppData\Local\MiKTeX\tex/generic/xkeyval\xkeyval.tex (C:\Users\lemar\AppData\Local\MiKTeX\tex/generic/xkeyval\xkvutils.tex
\XKV@toks=\toks24
\XKV@tempa@toks=\toks25
)
\XKV@depth=\count272
File: xkeyval.tex 2014/12/03 v2.7a key=value parser (HA)
)) (C:\Users\lemar\AppData\Local\MiKTeX\tex/latex/adjustbox\adjcalc.sty
Package: adjcalc 2012/05/16 v1.1 Provides advanced setlength with multiple back-ends (calc, etex, pgfmath)
) (C:\Users\lemar\AppData\Local\MiKTeX\tex/latex/adjustbox\trimclip.sty
Package: trimclip 2025/02/21 v1.2a Trim and clip general TeX material
 (C:\Users\lemar\AppData\Local\MiKTeX\tex/latex/collectbox\collectbox.sty
Package: collectbox 2022/10/17 v0.4c Collect macro arguments as boxes
\collectedbox=\box54
)
\tc@llx=\dimen152
\tc@lly=\dimen153
\tc@urx=\dimen154
\tc@ury=\dimen155
Package trimclip Info: Using driver 'tc-pdftex.def'.
 (C:\Users\lemar\AppData\Local\MiKTeX\tex/latex/adjustbox\tc-pdftex.def
File: tc-pdftex.def 2025/02/26 v2.3 Clipping driver for pdftex
))
\adjbox@Width=\dimen156
\adjbox@Height=\dimen157
\adjbox@Depth=\dimen158
\adjbox@Totalheight=\dimen159
\adjbox@pwidth=\dimen160
\adjbox@pheight=\dimen161
\adjbox@pdepth=\dimen162
\adjbox@ptotalheight=\dimen163
 (C:\Users\lemar\AppData\Local\MiKTeX\tex/latex/ifoddpage\ifoddpage.sty
Package: ifoddpage 2022/10/18 v1.2 Conditionals for odd/even page detection
\c@checkoddpage=\count273
) (C:\Users\lemar\AppData\Local\MiKTeX\tex/latex/varwidth\varwidth.sty
Package: varwidth 2009/03/30 ver 0.92;  Variable-width minipages
\@vwid@box=\box55
\sift@deathcycles=\count274
\@vwid@loff=\dimen164
\@vwid@roff=\dimen165
)) (C:\Users\lemar\AppData\Local\MiKTeX\tex/latex/caption\subcaption.sty
Package: subcaption 2023/07/28 v1.6b Sub-captions (AR)
 (C:\Users\lemar\AppData\Local\MiKTeX\tex/latex/caption\caption.sty
Package: caption 2023/08/05 v3.6o Customizing captions (AR)
 (C:\Users\lemar\AppData\Local\MiKTeX\tex/latex/caption\caption3.sty
Package: caption3 2023/07/31 v2.4d caption3 kernel (AR)
\caption@tempdima=\dimen166
\captionmargin=\dimen167
\caption@leftmargin=\dimen168
\caption@rightmargin=\dimen169
\caption@width=\dimen170
\caption@indent=\dimen171
\caption@parindent=\dimen172
\caption@hangindent=\dimen173
Package caption Info: Standard document class detected.
Package caption Info: hungarian babel package is loaded.
)
\c@caption@flags=\count275
\c@continuedfloat=\count276
Package caption Info: hungarian babel package is loaded.
Package caption Info: float package is loaded.
)
Package caption Info: New subtype `subfigure' on input line 238.
\c@subfigure=\count277
Package caption Info: New subtype `subtable' on input line 238.
\c@subtable=\count278
) (C:\Users\lemar\AppData\Local\MiKTeX\tex/latex/graphics\rotating.sty
Package: rotating 2016/08/11 v2.16d rotated objects in LaTeX
\c@r@tfl@t=\count279
\rotFPtop=\skip64
\rotFPbot=\skip65
\rot@float@box=\box56
\rot@mess@toks=\toks26
) (C:\Users\lemar\AppData\Local\MiKTeX\tex/latex/epstopdf-pkg\epstopdf.sty
Package: epstopdf 2020-01-24 v2.11 Conversion with epstopdf on the fly (HO)
 (C:\Users\lemar\AppData\Local\MiKTeX\tex/generic/infwarerr\infwarerr.sty
Package: infwarerr 2019/12/03 v1.5 Providing info/warning/error messages (HO)
) (C:\Users\lemar\AppData\Local\MiKTeX\tex/latex/grfext\grfext.sty
Package: grfext 2019/12/03 v1.3 Manage graphics extensions (HO)
 (C:\Users\lemar\AppData\Local\MiKTeX\tex/generic/kvdefinekeys\kvdefinekeys.sty
Package: kvdefinekeys 2019-12-19 v1.6 Define keys (HO)
)) (C:\Users\lemar\AppData\Local\MiKTeX\tex/latex/kvoptions\kvoptions.sty
Package: kvoptions 2022-06-15 v3.15 Key value format for package options (HO)
 (C:\Users\lemar\AppData\Local\MiKTeX\tex/generic/ltxcmds\ltxcmds.sty
Package: ltxcmds 2023-12-04 v1.26 LaTeX kernel commands for general use (HO)
) (C:\Users\lemar\AppData\Local\MiKTeX\tex/latex/kvsetkeys\kvsetkeys.sty
Package: kvsetkeys 2022-10-05 v1.19 Key value parser (HO)
)) (C:\Users\lemar\AppData\Local\MiKTeX\tex/generic/pdftexcmds\pdftexcmds.sty
Package: pdftexcmds 2020-06-27 v0.33 Utility functions of pdfTeX for LuaTeX (HO)
Package pdftexcmds Info: \pdf@primitive is available.
Package pdftexcmds Info: \pdf@ifprimitive is available.
Package pdftexcmds Info: \pdfdraftmode found.
) (C:\Users\lemar\AppData\Local\MiKTeX\tex/latex/epstopdf-pkg\epstopdf-base.sty
Package: epstopdf-base 2020-01-24 v2.11 Base part for package epstopdf
Package epstopdf-base Info: Redefining graphics rule for `.eps' on input line 485.
Package grfext Info: Graphics extension search list:
(grfext)             [.pdf,.png,.jpg,.mps,.jpeg,.jbig2,.jb2,.PDF,.PNG,.JPG,.JPEG,.JBIG2,.JB2,.eps]
(grfext)             \AppendGraphicsExtensions on input line 504.
 (C:\Users\lemar\AppData\Local\MiKTeX\tex/latex/00miktex\epstopdf-sys.cfg
File: epstopdf-sys.cfg 2021/03/18 v2.0 Configuration of epstopdf for MiKTeX
))) (C:\Users\lemar\AppData\Local\MiKTeX\tex/latex/setspace\setspace.sty
Package: setspace 2022/12/04 v6.7b set line spacing
) (C:\Users\lemar\AppData\Local\MiKTeX\tex/latex/paralist\paralist.sty
Package: paralist 2017/01/22 v2.7 Extended list environments
\pltopsep=\skip66
\plpartopsep=\skip67
\plitemsep=\skip68
\plparsep=\skip69
\pl@lab=\toks27
) (C:\Users\lemar\AppData\Local\MiKTeX\tex/latex/amscls\amsthm.sty
Package: amsthm 2020/05/29 v2.20.6
\thm@style=\toks28
\thm@bodyfont=\toks29
\thm@headfont=\toks30
\thm@notefont=\toks31
\thm@headpunct=\toks32
\thm@preskip=\skip70
\thm@postskip=\skip71
\thm@headsep=\skip72
\dth@everypar=\toks33
) (C:\Users\lemar\AppData\Local\MiKTeX\tex/latex/amsmath\amsmath.sty
Package: amsmath 2023/05/13 v2.17o AMS math features
\@mathmargin=\skip73

For additional information on amsmath, use the `?' option.
(C:\Users\lemar\AppData\Local\MiKTeX\tex/latex/amsmath\amstext.sty
Package: amstext 2021/08/26 v2.01 AMS text
 (C:\Users\lemar\AppData\Local\MiKTeX\tex/latex/amsmath\amsgen.sty
File: amsgen.sty 1999/11/30 v2.0 generic functions
\@emptytoks=\toks34
\ex@=\dimen174
)) (C:\Users\lemar\AppData\Local\MiKTeX\tex/latex/amsmath\amsbsy.sty
Package: amsbsy 1999/11/29 v1.2d Bold Symbols
\pmbraise@=\dimen175
) (C:\Users\lemar\AppData\Local\MiKTeX\tex/latex/amsmath\amsopn.sty
Package: amsopn 2022/04/08 v2.04 operator names
)
\inf@bad=\count280
LaTeX Info: Redefining \frac on input line 234.
\uproot@=\count281
\leftroot@=\count282
LaTeX Info: Redefining \overline on input line 399.
LaTeX Info: Redefining \colon on input line 410.
\classnum@=\count283
\DOTSCASE@=\count284
LaTeX Info: Redefining \ldots on input line 496.
LaTeX Info: Redefining \dots on input line 499.
LaTeX Info: Redefining \cdots on input line 620.
\Mathstrutbox@=\box57
\strutbox@=\box58
LaTeX Info: Redefining \big on input line 722.
LaTeX Info: Redefining \Big on input line 723.
LaTeX Info: Redefining \bigg on input line 724.
LaTeX Info: Redefining \Bigg on input line 725.
\big@size=\dimen176
LaTeX Font Info:    Redeclaring font encoding OML on input line 743.
LaTeX Font Info:    Redeclaring font encoding OMS on input line 744.
\macc@depth=\count285
LaTeX Info: Redefining \bmod on input line 905.
LaTeX Info: Redefining \pmod on input line 910.
LaTeX Info: Redefining \smash on input line 940.
LaTeX Info: Redefining \relbar on input line 970.
LaTeX Info: Redefining \Relbar on input line 971.
\c@MaxMatrixCols=\count286
\dotsspace@=\muskip16
\c@parentequation=\count287
\dspbrk@lvl=\count288
\tag@help=\toks35
\row@=\count289
\column@=\count290
\maxfields@=\count291
\andhelp@=\toks36
\eqnshift@=\dimen177
\alignsep@=\dimen178
\tagshift@=\dimen179
\tagwidth@=\dimen180
\totwidth@=\dimen181
\lineht@=\dimen182
\@envbody=\toks37
\multlinegap=\skip74
\multlinetaggap=\skip75
\mathdisplay@stack=\toks38
LaTeX Info: Redefining \[ on input line 2953.
LaTeX Info: Redefining \] on input line 2954.
) (C:\Users\lemar\AppData\Local\MiKTeX\tex/latex/amsfonts\amsfonts.sty
Package: amsfonts 2013/01/14 v3.01 Basic AMSFonts support
\symAMSa=\mathgroup4
\symAMSb=\mathgroup5
LaTeX Font Info:    Redeclaring math symbol \hbar on input line 98.
LaTeX Font Info:    Overwriting math alphabet `\mathfrak' in version `bold'
(Font)                  U/euf/m/n --> U/euf/b/n on input line 106.
)
\c@definition=\count292
\c@theorem=\count293
 (C:\Users\lemar\AppData\Local\MiKTeX\tex/latex/graphics\color.sty
Package: color 2022/01/06 v1.3d Standard LaTeX Color (DPC)
 (C:\Users\lemar\AppData\Local\MiKTeX\tex/latex/graphics-cfg\color.cfg
File: color.cfg 2016/01/02 v1.6 sample color configuration
)
Package color Info: Driver file: pdftex.def on input line 149.
 (C:\Users\lemar\AppData\Local\MiKTeX\tex/latex/graphics\mathcolor.ltx)) (C:\Users\lemar\AppData\Local\MiKTeX\tex/latex/xcolor\xcolor.sty
Package: xcolor 2023/11/15 v3.01 LaTeX color extensions (UK)
 (C:\Users\lemar\AppData\Local\MiKTeX\tex/latex/graphics-cfg\color.cfg
File: color.cfg 2016/01/02 v1.6 sample color configuration
)
Package xcolor Info: Driver file: pdftex.def on input line 274.
LaTeX Info: Redefining \color on input line 758.
 (C:\Users\lemar\AppData\Local\MiKTeX\tex/latex/graphics\mathcolor.ltx)
Package xcolor Info: Model `cmy' substituted by `cmy0' on input line 1350.
Package xcolor Info: Model `hsb' substituted by `rgb' on input line 1354.
Package xcolor Info: Model `RGB' extended on input line 1366.
Package xcolor Info: Model `HTML' substituted by `rgb' on input line 1368.
Package xcolor Info: Model `Hsb' substituted by `hsb' on input line 1369.
Package xcolor Info: Model `tHsb' substituted by `hsb' on input line 1370.
Package xcolor Info: Model `HSB' substituted by `hsb' on input line 1371.
Package xcolor Info: Model `Gray' substituted by `gray' on input line 1372.
Package xcolor Info: Model `wave' substituted by `hsb' on input line 1373.
) (C:\Users\lemar\AppData\Local\MiKTeX\tex/latex/hyperref\hyperref.sty
Package: hyperref 2023-11-26 v7.01g Hypertext links for LaTeX
 (C:\Users\lemar\AppData\Local\MiKTeX\tex/generic/pdfescape\pdfescape.sty
Package: pdfescape 2019/12/09 v1.15 Implements pdfTeX's escape features (HO)
) (C:\Users\lemar\AppData\Local\MiKTeX\tex/latex/hycolor\hycolor.sty
Package: hycolor 2020-01-27 v1.10 Color options for hyperref/bookmark (HO)
) (C:\Users\lemar\AppData\Local\MiKTeX\tex/latex/letltxmacro\letltxmacro.sty
Package: letltxmacro 2019/12/03 v1.6 Let assignment for LaTeX macros (HO)
) (C:\Users\lemar\AppData\Local\MiKTeX\tex/latex/auxhook\auxhook.sty
Package: auxhook 2019-12-17 v1.6 Hooks for auxiliary files (HO)
) (C:\Users\lemar\AppData\Local\MiKTeX\tex/latex/hyperref\nameref.sty
Package: nameref 2023-11-26 v2.56 Cross-referencing by name of section
 (C:\Users\lemar\AppData\Local\MiKTeX\tex/latex/refcount\refcount.sty
Package: refcount 2019/12/15 v3.6 Data extraction from label references (HO)
) (C:\Users\lemar\AppData\Local\MiKTeX\tex/generic/gettitlestring\gettitlestring.sty
Package: gettitlestring 2019/12/15 v1.6 Cleanup title references (HO)
)
\c@section@level=\count294
)
\@linkdim=\dimen183
\Hy@linkcounter=\count295
\Hy@pagecounter=\count296
 (C:\Users\lemar\AppData\Local\MiKTeX\tex/latex/hyperref\pd1enc.def
File: pd1enc.def 2023-11-26 v7.01g Hyperref: PDFDocEncoding definition (HO)
Now handling font encoding PD1 ...
... no UTF-8 mapping file for font encoding PD1
) (C:\Users\lemar\AppData\Local\MiKTeX\tex/generic/intcalc\intcalc.sty
Package: intcalc 2019/12/15 v1.3 Expandable calculations with integers (HO)
)
\Hy@SavedSpaceFactor=\count297
 (C:\Users\lemar\AppData\Local\MiKTeX\tex/latex/hyperref\puenc.def
File: puenc.def 2023-11-26 v7.01g Hyperref: PDF Unicode definition (HO)
Now handling font encoding PU ...
... no UTF-8 mapping file for font encoding PU
)
Package hyperref Info: Option `unicode' set `true' on input line 4064.
Package hyperref Info: Option `pdfusetitle' set `true' on input line 4064.
Package hyperref Info: Hyper figures OFF on input line 4181.
Package hyperref Info: Link nesting OFF on input line 4186.
Package hyperref Info: Hyper index ON on input line 4189.
Package hyperref Info: Plain pages OFF on input line 4196.
Package hyperref Info: Backreferencing OFF on input line 4201.
Package hyperref Info: Implicit mode ON; LaTeX internals redefined.
Package hyperref Info: Bookmarks ON on input line 4448.
\c@Hy@tempcnt=\count298
 (C:\Users\lemar\AppData\Local\MiKTeX\tex/latex/url\url.sty
\Urlmuskip=\muskip17
Package: url 2013/09/16  ver 3.4  Verb mode for urls, etc.
)
LaTeX Info: Redefining \url on input line 4786.
\XeTeXLinkMargin=\dimen184
 (C:\Users\lemar\AppData\Local\MiKTeX\tex/generic/bitset\bitset.sty
Package: bitset 2019/12/09 v1.3 Handle bit-vector datatype (HO)
 (C:\Users\lemar\AppData\Local\MiKTeX\tex/generic/bigintcalc\bigintcalc.sty
Package: bigintcalc 2019/12/15 v1.5 Expandable calculations on big integers (HO)
))
\Fld@menulength=\count299
\Field@Width=\dimen185
\Fld@charsize=\dimen186
Package hyperref Info: Hyper figures OFF on input line 6065.
Package hyperref Info: Link nesting OFF on input line 6070.
Package hyperref Info: Hyper index ON on input line 6073.
Package hyperref Info: backreferencing OFF on input line 6080.
Package hyperref Info: Link coloring OFF on input line 6085.
Package hyperref Info: Link coloring with OCG OFF on input line 6090.
Package hyperref Info: PDF/A mode OFF on input line 6095.
 (C:\Users\lemar\AppData\Local\MiKTeX\tex/latex/base\atbegshi-ltx.sty
Package: atbegshi-ltx 2021/01/10 v1.0c Emulation of the original atbegshi
package with kernel methods
)
\Hy@abspage=\count300
\c@Item=\count301
\c@Hfootnote=\count302
)
Package hyperref Info: Driver (autodetected): hpdftex.
 (C:\Users\lemar\AppData\Local\MiKTeX\tex/latex/hyperref\hpdftex.def
File: hpdftex.def 2023-11-26 v7.01g Hyperref driver for pdfTeX
 (C:\Users\lemar\AppData\Local\MiKTeX\tex/latex/base\atveryend-ltx.sty
Package: atveryend-ltx 2020/08/19 v1.0a Emulation of the original atveryend package
with kernel methods
)
\Fld@listcount=\count303
\c@bookmark@seq@number=\count304
 (C:\Users\lemar\AppData\Local\MiKTeX\tex/latex/rerunfilecheck\rerunfilecheck.sty
Package: rerunfilecheck 2025-06-21 v1.11 Rerun checks for auxiliary files (HO)
 (C:\Users\lemar\AppData\Local\MiKTeX\tex/generic/uniquecounter\uniquecounter.sty
Package: uniquecounter 2019/12/15 v1.4 Provide unlimited unique counter (HO)
)
Package uniquecounter Info: New unique counter `rerunfilecheck' on input line 284.
)
\Hy@SectionHShift=\skip76
) (C:\Users\lemar\AppData\Local\MiKTeX\tex/latex/oberdiek\hypcap.sty
Package: hypcap 2016/05/16 v1.12 Adjusting the anchors of captions (HO)
) (C:\Users\lemar\AppData\Local\MiKTeX\tex/latex/bookmark\bookmark.sty
Package: bookmark 2023-12-10 v1.31 PDF bookmarks (HO)
 (C:\Users\lemar\AppData\Local\MiKTeX\tex/latex/bookmark\bkm-pdftex.def
File: bkm-pdftex.def 2023-12-10 v1.31 bookmark driver for pdfTeX and luaTeX (HO)
\BKM@id=\count305
)) (C:\Users\lemar\AppData\Local\MiKTeX\tex/latex/multirow\multirow.sty
Package: multirow 2024/11/12 v2.9 Span multiple rows of a table
\multirow@colwidth=\skip77
\multirow@cntb=\count306
\multirow@dima=\skip78
\bigstrutjot=\dimen187
) (C:\Users\lemar\AppData\Local\MiKTeX\tex/latex/tools\longtable.sty
Package: longtable 2023-11-01 v4.19 Multi-page Table package (DPC)
\LTleft=\skip79
\LTright=\skip80
\LTpre=\skip81
\LTpost=\skip82
\LTchunksize=\count307
\LTcapwidth=\dimen188
\LT@head=\box59
\LT@firsthead=\box60
\LT@foot=\box61
\LT@lastfoot=\box62
\LT@gbox=\box63
\LT@cols=\count308
\LT@rows=\count309
\c@LT@tables=\count310
\c@LT@chunks=\count311
\LT@p@ftn=\toks39
) (C:\Users\lemar\AppData\Local\MiKTeX\tex/latex/tools\array.sty
Package: array 2023/10/16 v2.5g Tabular extension package (FMi)
\col@sep=\dimen189
\ar@mcellbox=\box64
\extrarowheight=\dimen190
\NC@list=\toks40
\extratabsurround=\skip83
\backup@length=\skip84
\ar@cellbox=\box65
) (C:\Users\lemar\AppData\Local\MiKTeX\tex/latex/makecell\makecell.sty
Package: makecell 2009/08/03 V0.1e Managing of Tab Column Heads and Cells
\rotheadsize=\dimen191
\c@nlinenum=\count312
\TeXr@lab=\toks41
) (C:\Users\lemar\AppData\Local\MiKTeX\tex/latex/chngcntr\chngcntr.sty
Package: chngcntr 2018/04/09 v1.1a change counter resetting
Package chngcntr Info: \counterwithout already defined.
(chngcntr)             Quitting chngcntr on input line 21.
) (C:\Users\lemar\AppData\Local\MiKTeX\tex/latex/pdfpages\pdfpages.sty
Package: pdfpages 2025/07/23 v0.6g Insert pages of external PDF documents (AM)
 (C:\Users\lemar\AppData\Local\MiKTeX\tex/latex/tools\calc.sty
Package: calc 2023/07/08 v4.3 Infix arithmetic (KKT,FJ)
\calc@Acount=\count313
\calc@Bcount=\count314
\calc@Adimen=\dimen192
\calc@Bdimen=\dimen193
\calc@Askip=\skip85
\calc@Bskip=\skip86
LaTeX Info: Redefining \setlength on input line 80.
LaTeX Info: Redefining \addtolength on input line 81.
\calc@Ccount=\count315
\calc@Cskip=\skip87
) (C:\Users\lemar\AppData\Local\MiKTeX\tex/latex/eso-pic\eso-pic.sty
Package: eso-pic 2023/05/03 v3.0c eso-pic (RN)
\ESO@tempdima=\dimen194
\ESO@tempdimb=\dimen195
)
\AM@pagewidth=\dimen196
\AM@pageheight=\dimen197
\AM@fboxrule=\dimen198
 (C:\Users\lemar\AppData\Local\MiKTeX\tex/latex/pdfpages\pppdftex.def
File: pppdftex.def 2025/07/23 v0.6g Pdfpages driver for pdfTeX (AM)
)
\pdfpages@includegraphics@status=\count316
\AM@pagebox=\box66
\AM@global@opts=\toks42
\AM@pagecnt=\count317
\AM@toc@title=\toks43
\AM@lof@heading=\toks44
\c@AM@survey=\count318
\AM@templatesizebox=\box67
) (C:\Users\lemar\AppData\Local\MiKTeX\tex/latex/appendix\appendix.sty
Package: appendix 2020/02/08 v1.2c extra appendix facilities
\c@@pps=\count319
\c@@ppsavesec=\count320
\c@@ppsaveapp=\count321
) (C:\Users\lemar\AppData\Local\MiKTeX\tex/latex/csquotes\csquotes.sty
Package: csquotes 2024-04-04 v5.2o context-sensitive quotations (JAW)
\csq@reset=\count322
\csq@gtype=\count323
\csq@glevel=\count324
\csq@qlevel=\count325
\csq@maxlvl=\count326
\csq@tshold=\count327
\csq@ltx@everypar=\toks45
 (C:\Users\lemar\AppData\Local\MiKTeX\tex/latex/csquotes\csquotes.def
File: csquotes.def 2024-04-04 v5.2o csquotes generic definitions (JAW)
)
Package csquotes Info: Trying to load configuration file 'csquotes.cfg'...
Package csquotes Info: ... configuration file loaded successfully.
 (C:\Users\lemar\AppData\Local\MiKTeX\tex/latex/csquotes\csquotes.cfg
File: csquotes.cfg 
)
Package csquotes Info: Enabling multilingual quotes.
) (C:\Users\lemar\AppData\Local\MiKTeX\tex/latex/biblatex\biblatex.sty
Package: biblatex 2023/03/05 v3.19 programmable bibliographies (PK/MW)
 (C:\Users\lemar\AppData\Local\MiKTeX\tex/latex/logreq\logreq.sty
Package: logreq 2010/08/04 v1.0 xml request logger
\lrq@indent=\count328
 (C:\Users\lemar\AppData\Local\MiKTeX\tex/latex/logreq\logreq.def
File: logreq.def 2010/08/04 v1.0 logreq spec v1.0
))
\c@tabx@nest=\count329
\c@listtotal=\count330
\c@listcount=\count331
\c@liststart=\count332
\c@liststop=\count333
\c@citecount=\count334
\c@citetotal=\count335
\c@multicitecount=\count336
\c@multicitetotal=\count337
\c@instcount=\count338
\c@maxnames=\count339
\c@minnames=\count340
\c@maxitems=\count341
\c@minitems=\count342
\c@citecounter=\count343
\c@maxcitecounter=\count344
\c@savedcitecounter=\count345
\c@uniquelist=\count346
\c@uniquename=\count347
\c@refsection=\count348
\c@refsegment=\count349
\c@maxextratitle=\count350
\c@maxextratitleyear=\count351
\c@maxextraname=\count352
\c@maxextradate=\count353
\c@maxextraalpha=\count354
\c@abbrvpenalty=\count355
\c@highnamepenalty=\count356
\c@lownamepenalty=\count357
\c@maxparens=\count358
\c@parenlevel=\count359
\blx@tempcnta=\count360
\blx@tempcntb=\count361
\blx@tempcntc=\count362
\c@blx@maxsection=\count363
\blx@maxsegment@0=\count364
\blx@notetype=\count365
\blx@parenlevel@text=\count366
\blx@parenlevel@foot=\count367
\blx@sectionciteorder@0=\count368
\blx@sectionciteorderinternal@0=\count369
\blx@entrysetcounter=\count370
\blx@biblioinstance=\count371
\labelnumberwidth=\skip88
\labelalphawidth=\skip89
\biblabelsep=\skip90
\bibitemsep=\skip91
\bibnamesep=\skip92
\bibinitsep=\skip93
\bibparsep=\skip94
\bibhang=\skip95
\blx@bcfin=\read3
\blx@bcfout=\write3
\blx@langwohyphens=\language80
\c@mincomprange=\count372
\c@maxcomprange=\count373
\c@mincompwidth=\count374
Package biblatex Info: Trying to load biblatex default data model...
Package biblatex Info: ... file 'blx-dm.def' found.
 (C:\Users\lemar\AppData\Local\MiKTeX\tex/latex/biblatex\blx-dm.def
File: blx-dm.def 2023/03/05 v3.19 biblatex localization (PK/MW)
)
Package biblatex Info: Trying to load biblatex style data model...
Package biblatex Info: ... file 'numeric.dbx' not found.
Package biblatex Info: Trying to load biblatex custom data model...
Package biblatex Info: ... file 'biblatex-dm.cfg' not found.
\c@afterword=\count375
\c@savedafterword=\count376
\c@annotator=\count377
\c@savedannotator=\count378
\c@author=\count379
\c@savedauthor=\count380
\c@bookauthor=\count381
\c@savedbookauthor=\count382
\c@commentator=\count383
\c@savedcommentator=\count384
\c@editor=\count385
\c@savededitor=\count386
\c@editora=\count387
\c@savededitora=\count388
\c@editorb=\count389
\c@savededitorb=\count390
\c@editorc=\count391
\c@savededitorc=\count392
\c@foreword=\count393
\c@savedforeword=\count394
\c@holder=\count395
\c@savedholder=\count396
\c@introduction=\count397
\c@savedintroduction=\count398
\c@namea=\count399
\c@savednamea=\count400
\c@nameb=\count401
\c@savednameb=\count402
\c@namec=\count403
\c@savednamec=\count404
\c@translator=\count405
\c@savedtranslator=\count406
\c@shortauthor=\count407
\c@savedshortauthor=\count408
\c@shorteditor=\count409
\c@savedshorteditor=\count410
\c@labelname=\count411
\c@savedlabelname=\count412
\c@institution=\count413
\c@savedinstitution=\count414
\c@lista=\count415
\c@savedlista=\count416
\c@listb=\count417
\c@savedlistb=\count418
\c@listc=\count419
\c@savedlistc=\count420
\c@listd=\count421
\c@savedlistd=\count422
\c@liste=\count423
\c@savedliste=\count424
\c@listf=\count425
\c@savedlistf=\count426
\c@location=\count427
\c@savedlocation=\count428
\c@organization=\count429
\c@savedorganization=\count430
\c@origlocation=\count431
\c@savedoriglocation=\count432
\c@origpublisher=\count433
\c@savedorigpublisher=\count434
\c@publisher=\count435
\c@savedpublisher=\count436
\c@language=\count437
\c@savedlanguage=\count438
\c@origlanguage=\count439
\c@savedoriglanguage=\count440
\c@pageref=\count441
\c@savedpageref=\count442
\shorthandwidth=\skip96
\shortjournalwidth=\skip97
\shortserieswidth=\skip98
\shorttitlewidth=\skip99
\shortauthorwidth=\skip100
\shorteditorwidth=\skip101
\locallabelnumberwidth=\skip102
\locallabelalphawidth=\skip103
\localshorthandwidth=\skip104
\localshortjournalwidth=\skip105
\localshortserieswidth=\skip106
\localshorttitlewidth=\skip107
\localshortauthorwidth=\skip108
\localshorteditorwidth=\skip109
Package biblatex Info: Trying to load compatibility code...
Package biblatex Info: ... file 'blx-compat.def' found.
 (C:\Users\lemar\AppData\Local\MiKTeX\tex/latex/biblatex\blx-compat.def
File: blx-compat.def 2023/03/05 v3.19 biblatex compatibility (PK/MW)
)
Package biblatex Info: Trying to load generic definitions...
Package biblatex Info: ... file 'biblatex.def' found.
 (C:\Users\lemar\AppData\Local\MiKTeX\tex/latex/biblatex\biblatex.def
File: biblatex.def 2023/03/05 v3.19 biblatex compatibility (PK/MW)
\c@textcitecount=\count443
\c@textcitetotal=\count444
\c@textcitemaxnames=\count445
\c@biburlbigbreakpenalty=\count446
\c@biburlbreakpenalty=\count447
\c@biburlnumpenalty=\count448
\c@biburlucpenalty=\count449
\c@biburllcpenalty=\count450
\biburlbigskip=\muskip18
\biburlnumskip=\muskip19
\biburlucskip=\muskip20
\biburllcskip=\muskip21
\c@smartand=\count451
)
Package biblatex Info: Trying to load bibliography style 'numeric'...
Package biblatex Info: ... file 'numeric.bbx' found.
 (C:\Users\lemar\AppData\Local\MiKTeX\tex/latex/biblatex/bbx\numeric.bbx
File: numeric.bbx 2023/03/05 v3.19 biblatex bibliography style (PK/MW)
Package biblatex Info: Trying to load bibliography style 'standard'...
Package biblatex Info: ... file 'standard.bbx' found.
 (C:\Users\lemar\AppData\Local\MiKTeX\tex/latex/biblatex/bbx\standard.bbx
File: standard.bbx 2023/03/05 v3.19 biblatex bibliography style (PK/MW)
\c@bbx:relatedcount=\count452
\c@bbx:relatedtotal=\count453
))
Package biblatex Info: Trying to load citation style 'numeric'...
Package biblatex Info: ... file 'numeric.cbx' found.
 (C:\Users\lemar\AppData\Local\MiKTeX\tex/latex/biblatex/cbx\numeric.cbx
File: numeric.cbx 2023/03/05 v3.19 biblatex citation style (PK/MW)
Package biblatex Info: Redefining '\cite'.
Package biblatex Info: Redefining '\parencite'.
Package biblatex Info: Redefining '\footcite'.
Package biblatex Info: Redefining '\footcitetext'.
Package biblatex Info: Redefining '\smartcite'.
Package biblatex Info: Redefining '\supercite'.
Package biblatex Info: Redefining '\textcite'.
Package biblatex Info: Redefining '\textcites'.
Package biblatex Info: Redefining '\cites'.
Package biblatex Info: Redefining '\parencites'.
Package biblatex Info: Redefining '\smartcites'.
)
Package biblatex Info: Trying to load configuration file...
Package biblatex Info: ... file 'biblatex.cfg' found.
 (C:\Users\lemar\AppData\Local\MiKTeX\tex/latex/biblatex\biblatex.cfg
File: biblatex.cfg 
)
Package biblatex Info: Input encoding 'utf8' detected.
Package biblatex Info: Document encoding is UTF8 ....
Package biblatex Info: ... and expl3
(biblatex)             2024-01-04 L3 programming layer (loader) 
(biblatex)             is new enough (at least 2020/04/06),
(biblatex)             setting 'casechanger=expl3'.
 (C:\Users\lemar\AppData\Local\MiKTeX\tex/latex/biblatex\blx-case-expl3.sty
Package: blx-case-expl3 2023/03/05 v3.19 expl3 case changing code for biblatex
)) (C:\Users\lemar\AppData\Local\MiKTeX\tex/latex/tocloft\tocloft.sty
Package: tocloft 2017/08/31 v2.3i parameterised ToC, etc., typesetting
Package tocloft Info: The document has chapter divisions on input line 51.
\cftparskip=\skip110
\cftbeforetoctitleskip=\skip111
\cftaftertoctitleskip=\skip112
\cftbeforepartskip=\skip113
\cftpartnumwidth=\skip114
\cftpartindent=\skip115
\cftbeforechapskip=\skip116
\cftchapindent=\skip117
\cftchapnumwidth=\skip118
\cftbeforesecskip=\skip119
\cftsecindent=\skip120
\cftsecnumwidth=\skip121
\cftbeforesubsecskip=\skip122
\cftsubsecindent=\skip123
\cftsubsecnumwidth=\skip124
\cftbeforesubsubsecskip=\skip125
\cftsubsubsecindent=\skip126
\cftsubsubsecnumwidth=\skip127
\cftbeforeparaskip=\skip128
\cftparaindent=\skip129
\cftparanumwidth=\skip130
\cftbeforesubparaskip=\skip131
\cftsubparaindent=\skip132
\cftsubparanumwidth=\skip133
\cftbeforeloftitleskip=\skip134
\cftafterloftitleskip=\skip135
\cftbeforefigskip=\skip136
\cftfigindent=\skip137
\cftfignumwidth=\skip138
\c@lofdepth=\count454
\c@lotdepth=\count455
\cftbeforelottitleskip=\skip139
\cftafterlottitleskip=\skip140
\cftbeforetabskip=\skip141
\cfttabindent=\skip142
\cfttabnumwidth=\skip143
) (C:\Users\lemar\AppData\Local\MiKTeX\tex/latex/base\makeidx.sty
Package: makeidx 2021/10/04 v1.0m Standard LaTeX package
)
\@indexfile=\write4
\openout4 = `elteikthesis_hu.idx'.


Writing index file elteikthesis_hu.idx
(C:\Users\lemar\AppData\Local\MiKTeX\tex/latex/nomencl\nomencl.sty
Package: nomencl 2021/11/10 v5.6 Nomenclature package
 (C:\Users\lemar\AppData\Local\MiKTeX\tex/latex/koma-script\tocbasic.sty
Package: tocbasic 2025/09/09 v3.48 KOMA-Script package (handling toc-files)
 (C:\Users\lemar\AppData\Local\MiKTeX\tex/latex/koma-script\scrbase.sty
Package: scrbase 2025/09/09 v3.48 KOMA-Script package (KOMA-Script-independent basics and keyval usage)
 (C:\Users\lemar\AppData\Local\MiKTeX\tex/latex/koma-script\scrlfile.sty
Package: scrlfile 2025/09/09 v3.48 KOMA-Script package (file load hooks)
 (C:\Users\lemar\AppData\Local\MiKTeX\tex/latex/koma-script\scrlfile-hook.sty
Package: scrlfile-hook 2025/09/09 v3.48 KOMA-Script package (using LaTeX hooks)
 (C:\Users\lemar\AppData\Local\MiKTeX\tex/latex/koma-script\scrlogo.sty
Package: scrlogo 2025/09/09 v3.48 KOMA-Script package (logo)
)))
Applying: [2021/05/01] Usage of raw or classic option list on input line 254.
Already applied: [0000/00/00] Usage of raw or classic option list on input line 370.
)
\scr@dte@tocline@numberwidth=\skip144
\scr@dte@tocline@numbox=\box68
)
Package tocbasic Info: setting babel extension for `nlo' on input line 187.
Package tocbasic Info: setting babel extension for `nls' on input line 188.
\nomlabelwidth=\dimen199
\nom@tempdim=\dimen256
\nomitemsep=\skip145
)
\@nomenclaturefile=\write5
\openout5 = `elteikthesis_hu.nlo'.

Package nomencl Info: Writing nomenclature file elteikthesis_hu.nlo on input line 428.
 (C:\Users\lemar\AppData\Local\MiKTeX\tex/latex/algorithms\algorithm.sty
Package: algorithm 2009/08/24 v0.1 Document Style `algorithm' - floating environment
\@float@every@algorithm=\toks46
\c@algorithm=\count456
) (C:\Users\lemar\AppData\Local\MiKTeX\tex/latex/algorithmicx\algpseudocode.sty
Package: algpseudocode 
 (C:\Users\lemar\AppData\Local\MiKTeX\tex/latex/algorithmicx\algorithmicx.sty
Package: algorithmicx 2005/04/27 v1.2 Algorithmicx

Document Style algorithmicx 1.2 - a greatly improved `algorithmic' style
\c@ALG@line=\count457
\c@ALG@rem=\count458
\c@ALG@nested=\count459
\ALG@tlm=\skip146
\ALG@thistlm=\skip147
\c@ALG@Lnr=\count460
\c@ALG@blocknr=\count461
\c@ALG@storecount=\count462
\c@ALG@tmpcounter=\count463
\ALG@tmplength=\skip148
)
Document Style - pseudocode environments for use with the `algorithmicx' style
) (C:\Users\lemar\AppData\Local\MiKTeX\tex/latex/listingsutf8\listingsutf8.sty
Package: listingsutf8 2019-12-10 v1.5 Allow UTF-8 in listings input (HO)
 (C:\Users\lemar\AppData\Local\MiKTeX\tex/latex/listings\listings.sty
\lst@mode=\count464
\lst@gtempboxa=\box69
\lst@token=\toks47
\lst@length=\count465
\lst@currlwidth=\dimen257
\lst@column=\count466
\lst@pos=\count467
\lst@lostspace=\dimen258
\lst@width=\dimen259
\lst@newlines=\count468
\lst@lineno=\count469
\lst@maxwidth=\dimen260
 (C:\Users\lemar\AppData\Local\MiKTeX\tex/latex/listings\lstmisc.sty
File: lstmisc.sty 2023/02/27 1.9 (Carsten Heinz)
\c@lstnumber=\count470
\lst@skipnumbers=\count471
\lst@framebox=\box70
) (C:\Users\lemar\AppData\Local\MiKTeX\tex/latex/listings\listings.cfg
File: listings.cfg 2023/02/27 1.9 listings configuration
))
Package: listings 2023/02/27 1.9 (Carsten Heinz)
 (C:\Users\lemar\AppData\Local\MiKTeX\tex/generic/stringenc\stringenc.sty
Package: stringenc 2019/11/29 v1.12 Convert strings between diff. encodings (HO)
)) (C:\Users\lemar\AppData\Local\MiKTeX\tex/latex/todonotes\todonotes.sty
Package: todonotes 2024/01/05 v1.1.7 Todonotes source and documentation.
Package: todonotes 2024/01/05
 (C:\Users\lemar\AppData\Local\MiKTeX\tex/latex/pgf/frontendlayer\tikz.sty (C:\Users\lemar\AppData\Local\MiKTeX\tex/latex/pgf/basiclayer\pgf.sty (C:\Users\lemar\AppData\Local\MiKTeX\tex/latex/pgf/utilities\pgfrcs.sty (C:\Users\lemar\AppData\Local\MiKTeX\tex/generic/pgf/utilities\pgfutil-common.tex
\pgfutil@everybye=\toks48
\pgfutil@tempdima=\dimen261
\pgfutil@tempdimb=\dimen262
) (C:\Users\lemar\AppData\Local\MiKTeX\tex/generic/pgf/utilities\pgfutil-latex.def
\pgfutil@abb=\box71
) (C:\Users\lemar\AppData\Local\MiKTeX\tex/generic/pgf/utilities\pgfrcs.code.tex (C:\Users\lemar\AppData\Local\MiKTeX\tex/generic/pgf\pgf.revision.tex)
Package: pgfrcs 2023-01-15 v3.1.10 (3.1.10)
))
Package: pgf 2023-01-15 v3.1.10 (3.1.10)
 (C:\Users\lemar\AppData\Local\MiKTeX\tex/latex/pgf/basiclayer\pgfcore.sty (C:\Users\lemar\AppData\Local\MiKTeX\tex/latex/pgf/systemlayer\pgfsys.sty (C:\Users\lemar\AppData\Local\MiKTeX\tex/generic/pgf/systemlayer\pgfsys.code.tex
Package: pgfsys 2023-01-15 v3.1.10 (3.1.10)
 (C:\Users\lemar\AppData\Local\MiKTeX\tex/generic/pgf/utilities\pgfkeys.code.tex
\pgfkeys@pathtoks=\toks49
\pgfkeys@temptoks=\toks50
 (C:\Users\lemar\AppData\Local\MiKTeX\tex/generic/pgf/utilities\pgfkeyslibraryfiltered.code.tex
\pgfkeys@tmptoks=\toks51
))
\pgf@x=\dimen263
\pgf@y=\dimen264
\pgf@xa=\dimen265
\pgf@ya=\dimen266
\pgf@xb=\dimen267
\pgf@yb=\dimen268
\pgf@xc=\dimen269
\pgf@yc=\dimen270
\pgf@xd=\dimen271
\pgf@yd=\dimen272
\w@pgf@writea=\write6
\r@pgf@reada=\read4
\c@pgf@counta=\count472
\c@pgf@countb=\count473
\c@pgf@countc=\count474
\c@pgf@countd=\count475
\t@pgf@toka=\toks52
\t@pgf@tokb=\toks53
\t@pgf@tokc=\toks54
\pgf@sys@id@count=\count476
 (C:\Users\lemar\AppData\Local\MiKTeX\tex/generic/pgf/systemlayer\pgf.cfg
File: pgf.cfg 2023-01-15 v3.1.10 (3.1.10)
)
Driver file for pgf: pgfsys-pdftex.def
 (C:\Users\lemar\AppData\Local\MiKTeX\tex/generic/pgf/systemlayer\pgfsys-pdftex.def
File: pgfsys-pdftex.def 2023-01-15 v3.1.10 (3.1.10)
 (C:\Users\lemar\AppData\Local\MiKTeX\tex/generic/pgf/systemlayer\pgfsys-common-pdf.def
File: pgfsys-common-pdf.def 2023-01-15 v3.1.10 (3.1.10)
))) (C:\Users\lemar\AppData\Local\MiKTeX\tex/generic/pgf/systemlayer\pgfsyssoftpath.code.tex
File: pgfsyssoftpath.code.tex 2023-01-15 v3.1.10 (3.1.10)
\pgfsyssoftpath@smallbuffer@items=\count477
\pgfsyssoftpath@bigbuffer@items=\count478
) (C:\Users\lemar\AppData\Local\MiKTeX\tex/generic/pgf/systemlayer\pgfsysprotocol.code.tex
File: pgfsysprotocol.code.tex 2023-01-15 v3.1.10 (3.1.10)
)) (C:\Users\lemar\AppData\Local\MiKTeX\tex/generic/pgf/basiclayer\pgfcore.code.tex
Package: pgfcore 2023-01-15 v3.1.10 (3.1.10)
 (C:\Users\lemar\AppData\Local\MiKTeX\tex/generic/pgf/math\pgfmath.code.tex (C:\Users\lemar\AppData\Local\MiKTeX\tex/generic/pgf/math\pgfmathutil.code.tex) (C:\Users\lemar\AppData\Local\MiKTeX\tex/generic/pgf/math\pgfmathparser.code.tex
\pgfmath@dimen=\dimen273
\pgfmath@count=\count479
\pgfmath@box=\box72
\pgfmath@toks=\toks55
\pgfmath@stack@operand=\toks56
\pgfmath@stack@operation=\toks57
) (C:\Users\lemar\AppData\Local\MiKTeX\tex/generic/pgf/math\pgfmathfunctions.code.tex) (C:\Users\lemar\AppData\Local\MiKTeX\tex/generic/pgf/math\pgfmathfunctions.basic.code.tex) (C:\Users\lemar\AppData\Local\MiKTeX\tex/generic/pgf/math\pgfmathfunctions.trigonometric.code.tex) (C:\Users\lemar\AppData\Local\MiKTeX\tex/generic/pgf/math\pgfmathfunctions.random.code.tex) (C:\Users\lemar\AppData\Local\MiKTeX\tex/generic/pgf/math\pgfmathfunctions.comparison.code.tex) (C:\Users\lemar\AppData\Local\MiKTeX\tex/generic/pgf/math\pgfmathfunctions.base.code.tex) (C:\Users\lemar\AppData\Local\MiKTeX\tex/generic/pgf/math\pgfmathfunctions.round.code.tex) (C:\Users\lemar\AppData\Local\MiKTeX\tex/generic/pgf/math\pgfmathfunctions.misc.code.tex) (C:\Users\lemar\AppData\Local\MiKTeX\tex/generic/pgf/math\pgfmathfunctions.integerarithmetics.code.tex) (C:\Users\lemar\AppData\Local\MiKTeX\tex/generic/pgf/math\pgfmathcalc.code.tex) (C:\Users\lemar\AppData\Local\MiKTeX\tex/generic/pgf/math\pgfmathfloat.code.tex
\c@pgfmathroundto@lastzeros=\count480
)) (C:\Users\lemar\AppData\Local\MiKTeX\tex/generic/pgf/math\pgfint.code.tex) (C:\Users\lemar\AppData\Local\MiKTeX\tex/generic/pgf/basiclayer\pgfcorepoints.code.tex
File: pgfcorepoints.code.tex 2023-01-15 v3.1.10 (3.1.10)
\pgf@picminx=\dimen274
\pgf@picmaxx=\dimen275
\pgf@picminy=\dimen276
\pgf@picmaxy=\dimen277
\pgf@pathminx=\dimen278
\pgf@pathmaxx=\dimen279
\pgf@pathminy=\dimen280
\pgf@pathmaxy=\dimen281
\pgf@xx=\dimen282
\pgf@xy=\dimen283
\pgf@yx=\dimen284
\pgf@yy=\dimen285
\pgf@zx=\dimen286
\pgf@zy=\dimen287
) (C:\Users\lemar\AppData\Local\MiKTeX\tex/generic/pgf/basiclayer\pgfcorepathconstruct.code.tex
File: pgfcorepathconstruct.code.tex 2023-01-15 v3.1.10 (3.1.10)
\pgf@path@lastx=\dimen288
\pgf@path@lasty=\dimen289
) (C:\Users\lemar\AppData\Local\MiKTeX\tex/generic/pgf/basiclayer\pgfcorepathusage.code.tex
File: pgfcorepathusage.code.tex 2023-01-15 v3.1.10 (3.1.10)
\pgf@shorten@end@additional=\dimen290
\pgf@shorten@start@additional=\dimen291
) (C:\Users\lemar\AppData\Local\MiKTeX\tex/generic/pgf/basiclayer\pgfcorescopes.code.tex
File: pgfcorescopes.code.tex 2023-01-15 v3.1.10 (3.1.10)
\pgfpic=\box73
\pgf@hbox=\box74
\pgf@layerbox@main=\box75
\pgf@picture@serial@count=\count481
) (C:\Users\lemar\AppData\Local\MiKTeX\tex/generic/pgf/basiclayer\pgfcoregraphicstate.code.tex
File: pgfcoregraphicstate.code.tex 2023-01-15 v3.1.10 (3.1.10)
\pgflinewidth=\dimen292
) (C:\Users\lemar\AppData\Local\MiKTeX\tex/generic/pgf/basiclayer\pgfcoretransformations.code.tex
File: pgfcoretransformations.code.tex 2023-01-15 v3.1.10 (3.1.10)
\pgf@pt@x=\dimen293
\pgf@pt@y=\dimen294
\pgf@pt@temp=\dimen295
) (C:\Users\lemar\AppData\Local\MiKTeX\tex/generic/pgf/basiclayer\pgfcorequick.code.tex
File: pgfcorequick.code.tex 2023-01-15 v3.1.10 (3.1.10)
) (C:\Users\lemar\AppData\Local\MiKTeX\tex/generic/pgf/basiclayer\pgfcoreobjects.code.tex
File: pgfcoreobjects.code.tex 2023-01-15 v3.1.10 (3.1.10)
) (C:\Users\lemar\AppData\Local\MiKTeX\tex/generic/pgf/basiclayer\pgfcorepathprocessing.code.tex
File: pgfcorepathprocessing.code.tex 2023-01-15 v3.1.10 (3.1.10)
) (C:\Users\lemar\AppData\Local\MiKTeX\tex/generic/pgf/basiclayer\pgfcorearrows.code.tex
File: pgfcorearrows.code.tex 2023-01-15 v3.1.10 (3.1.10)
\pgfarrowsep=\dimen296
) (C:\Users\lemar\AppData\Local\MiKTeX\tex/generic/pgf/basiclayer\pgfcoreshade.code.tex
File: pgfcoreshade.code.tex 2023-01-15 v3.1.10 (3.1.10)
\pgf@max=\dimen297
\pgf@sys@shading@range@num=\count482
\pgf@shadingcount=\count483
) (C:\Users\lemar\AppData\Local\MiKTeX\tex/generic/pgf/basiclayer\pgfcoreimage.code.tex
File: pgfcoreimage.code.tex 2023-01-15 v3.1.10 (3.1.10)
) (C:\Users\lemar\AppData\Local\MiKTeX\tex/generic/pgf/basiclayer\pgfcoreexternal.code.tex
File: pgfcoreexternal.code.tex 2023-01-15 v3.1.10 (3.1.10)
\pgfexternal@startupbox=\box76
) (C:\Users\lemar\AppData\Local\MiKTeX\tex/generic/pgf/basiclayer\pgfcorelayers.code.tex
File: pgfcorelayers.code.tex 2023-01-15 v3.1.10 (3.1.10)
) (C:\Users\lemar\AppData\Local\MiKTeX\tex/generic/pgf/basiclayer\pgfcoretransparency.code.tex
File: pgfcoretransparency.code.tex 2023-01-15 v3.1.10 (3.1.10)
) (C:\Users\lemar\AppData\Local\MiKTeX\tex/generic/pgf/basiclayer\pgfcorepatterns.code.tex
File: pgfcorepatterns.code.tex 2023-01-15 v3.1.10 (3.1.10)
) (C:\Users\lemar\AppData\Local\MiKTeX\tex/generic/pgf/basiclayer\pgfcorerdf.code.tex
File: pgfcorerdf.code.tex 2023-01-15 v3.1.10 (3.1.10)
))) (C:\Users\lemar\AppData\Local\MiKTeX\tex/generic/pgf/modules\pgfmoduleshapes.code.tex
File: pgfmoduleshapes.code.tex 2023-01-15 v3.1.10 (3.1.10)
\pgfnodeparttextbox=\box77
) (C:\Users\lemar\AppData\Local\MiKTeX\tex/generic/pgf/modules\pgfmoduleplot.code.tex
File: pgfmoduleplot.code.tex 2023-01-15 v3.1.10 (3.1.10)
) (C:\Users\lemar\AppData\Local\MiKTeX\tex/latex/pgf/compatibility\pgfcomp-version-0-65.sty
Package: pgfcomp-version-0-65 2023-01-15 v3.1.10 (3.1.10)
\pgf@nodesepstart=\dimen298
\pgf@nodesepend=\dimen299
) (C:\Users\lemar\AppData\Local\MiKTeX\tex/latex/pgf/compatibility\pgfcomp-version-1-18.sty
Package: pgfcomp-version-1-18 2023-01-15 v3.1.10 (3.1.10)
)) (C:\Users\lemar\AppData\Local\MiKTeX\tex/latex/pgf/utilities\pgffor.sty (C:\Users\lemar\AppData\Local\MiKTeX\tex/latex/pgf/utilities\pgfkeys.sty (C:\Users\lemar\AppData\Local\MiKTeX\tex/generic/pgf/utilities\pgfkeys.code.tex)) (C:\Users\lemar\AppData\Local\MiKTeX\tex/latex/pgf/math\pgfmath.sty (C:\Users\lemar\AppData\Local\MiKTeX\tex/generic/pgf/math\pgfmath.code.tex)) (C:\Users\lemar\AppData\Local\MiKTeX\tex/generic/pgf/utilities\pgffor.code.tex
Package: pgffor 2023-01-15 v3.1.10 (3.1.10)
\pgffor@iter=\dimen300
\pgffor@skip=\dimen301
\pgffor@stack=\toks58
\pgffor@toks=\toks59
)) (C:\Users\lemar\AppData\Local\MiKTeX\tex/generic/pgf/frontendlayer/tikz\tikz.code.tex
Package: tikz 2023-01-15 v3.1.10 (3.1.10)
 (C:\Users\lemar\AppData\Local\MiKTeX\tex/generic/pgf/libraries\pgflibraryplothandlers.code.tex
File: pgflibraryplothandlers.code.tex 2023-01-15 v3.1.10 (3.1.10)
\pgf@plot@mark@count=\count484
\pgfplotmarksize=\dimen302
)
\tikz@lastx=\dimen303
\tikz@lasty=\dimen304
\tikz@lastxsaved=\dimen305
\tikz@lastysaved=\dimen306
\tikz@lastmovetox=\dimen307
\tikz@lastmovetoy=\dimen308
\tikzleveldistance=\dimen309
\tikzsiblingdistance=\dimen310
\tikz@figbox=\box78
\tikz@figbox@bg=\box79
\tikz@tempbox=\box80
\tikz@tempbox@bg=\box81
\tikztreelevel=\count485
\tikznumberofchildren=\count486
\tikznumberofcurrentchild=\count487
\tikz@fig@count=\count488
 (C:\Users\lemar\AppData\Local\MiKTeX\tex/generic/pgf/modules\pgfmodulematrix.code.tex
File: pgfmodulematrix.code.tex 2023-01-15 v3.1.10 (3.1.10)
\pgfmatrixcurrentrow=\count489
\pgfmatrixcurrentcolumn=\count490
\pgf@matrix@numberofcolumns=\count491
)
\tikz@expandcount=\count492
 (C:\Users\lemar\AppData\Local\MiKTeX\tex/generic/pgf/frontendlayer/tikz/libraries\tikzlibrarytopaths.code.tex
File: tikzlibrarytopaths.code.tex 2023-01-15 v3.1.10 (3.1.10)
))) (C:\Users\lemar\AppData\Local\MiKTeX\tex/generic/pgf/frontendlayer/tikz/libraries\tikzlibrarypositioning.code.tex
File: tikzlibrarypositioning.code.tex 2023-01-15 v3.1.10 (3.1.10)
)
\c@@todonotes@numberoftodonotes=\count493
 (C:\Users\lemar\AppData\Local\MiKTeX\tex/generic/pgf/frontendlayer/tikz/libraries\tikzlibraryshadows.code.tex
File: tikzlibraryshadows.code.tex 2023-01-15 v3.1.10 (3.1.10)
 (C:\Users\lemar\AppData\Local\MiKTeX\tex/generic/pgf/frontendlayer/tikz/libraries\tikzlibraryfadings.code.tex
File: tikzlibraryfadings.code.tex 2023-01-15 v3.1.10 (3.1.10)
 (C:\Users\lemar\AppData\Local\MiKTeX\tex/generic/pgf/libraries\pgflibraryfadings.code.tex
File: pgflibraryfadings.code.tex 2023-01-15 v3.1.10 (3.1.10)
)))) (C:\Users\lemar\AppData\Local\MiKTeX\tex/latex/preview\preview.sty
Package: preview 2024/06/30 14.0.6 (AUCTeX/preview-latex)
 (C:\Users\lemar\AppData\Local\MiKTeX\tex/latex/luatex85\luatex85.sty
Package: luatex85 2016/06/15 v1.4 pdftex aliases for luatex
) (C:\Users\lemar\AppData\Local\MiKTeX\tex/latex/preview\prtightpage.def
\PreviewBorder=\dimen311
)))
Package csquotes Info: Checking for multilingual support...
Package csquotes Info: ... found 'babel' package.
 (elteikthesis_hu.aux (impl/decisions.aux) (impl/app_architecture/app_architecture.aux))
\openout1 = `elteikthesis_hu.aux'.

LaTeX Font Info:    Checking defaults for OML/cmm/m/it on input line 32.
LaTeX Font Info:    ... okay on input line 32.
LaTeX Font Info:    Checking defaults for OMS/cmsy/m/n on input line 32.
LaTeX Font Info:    ... okay on input line 32.
LaTeX Font Info:    Checking defaults for OT1/cmr/m/n on input line 32.
LaTeX Font Info:    ... okay on input line 32.
LaTeX Font Info:    Checking defaults for T1/cmr/m/n on input line 32.
LaTeX Font Info:    ... okay on input line 32.
LaTeX Font Info:    Checking defaults for TS1/cmr/m/n on input line 32.
LaTeX Font Info:    ... okay on input line 32.
LaTeX Font Info:    Checking defaults for OMX/cmex/m/n on input line 32.
LaTeX Font Info:    ... okay on input line 32.
LaTeX Font Info:    Checking defaults for U/cmr/m/n on input line 32.
LaTeX Font Info:    ... okay on input line 32.
LaTeX Font Info:    Checking defaults for PD1/pdf/m/n on input line 32.
LaTeX Font Info:    ... okay on input line 32.
LaTeX Font Info:    Checking defaults for PU/pdf/m/n on input line 32.
LaTeX Font Info:    ... okay on input line 32.

*geometry* driver: auto-detecting
*geometry* detected driver: pdftex
*geometry* verbose mode - [ preamble ] result:
* driver: pdftex
* paper: <default>
* layout: <same size as paper>
* layoutoffset:(h,v)=(0.0pt,0.0pt)
* modes: 
* h-part:(L,W,R)=(99.58464pt, 426.79135pt, 71.13188pt)
* v-part:(T,H,B)=(71.13188pt, 702.78308pt, 71.13188pt)
* \paperwidth=597.50787pt
* \paperheight=845.04684pt
* \textwidth=426.79135pt
* \textheight=702.78308pt
* \oddsidemargin=27.31465pt
* \evensidemargin=27.31465pt
* \topmargin=-42.1381pt
* \headheight=16.0pt
* \headsep=25.0pt
* \topskip=15.0pt
* \footskip=40.0pt
* \marginparwidth=85.35826pt
* \marginparsep=10.0pt
* \columnsep=10.0pt
* \skip\footins=10.8pt plus 4.0pt minus 2.0pt
* \hoffset=0.0pt
* \voffset=0.0pt
* \mag=1000
* \@twocolumnfalse
* \@twosidefalse
* \@mparswitchfalse
* \@reversemargintrue
* (1in=72.27pt=25.4mm, 1cm=28.453pt)

(C:\Users\lemar\AppData\Local\MiKTeX\tex/context/base/mkii\supp-pdf.mkii
[Loading MPS to PDF converter (version 2006.09.02).]
\scratchcounter=\count494
\scratchdimen=\dimen312
\scratchbox=\box82
\nofMPsegments=\count495
\nofMParguments=\count496
\everyMPshowfont=\toks60
\MPscratchCnt=\count497
\MPscratchDim=\dimen313
\MPnumerator=\count498
\makeMPintoPDFobject=\count499
\everyMPtoPDFconversion=\toks61
)
Package caption Info: Begin \AtBeginDocument code.
Package caption Info: hyperref package is loaded.
Package caption Info: hypcap package is loaded.
Package caption Info: listings package is loaded.
Package caption Info: longtable package is loaded.
 (C:\Users\lemar\AppData\Local\MiKTeX\tex/latex/caption\ltcaption.sty
Package: ltcaption 2021/01/08 v1.4c longtable captions (AR)
)
Package caption Info: rotating package is loaded.
Package caption Info: End \AtBeginDocument code.
Package hyperref Info: Link coloring OFF on input line 32.
 (C:\Users\lemar\AppData\Local\MiKTeX\tex/latex/pdflscape\pdflscape.sty
Package: pdflscape 2022-10-27 v0.13 Display of landscape pages in PDF
 (C:\Users\lemar\AppData\Local\MiKTeX\tex/latex/pdflscape\pdflscape-nometadata.sty
Package: pdflscape-nometadata 2022-10-28 v0.13 Display of landscape pages in PDF (HO)
 (C:\Users\lemar\AppData\Local\MiKTeX\tex/latex/graphics\lscape.sty
Package: lscape 2020/05/28 v3.02 Landscape Pages (DPC)
)
Package pdflscape Info: Auto-detected driver: pdftex on input line 81.
))
Package biblatex Info: Trying to load language 'hungarian'...
Package biblatex Info: ... file 'hungarian.lbx' found.
 (C:\Users\lemar\AppData\Local\MiKTeX\tex/latex/biblatex/lbx\hungarian.lbx
File: hungarian.lbx 2023/03/05 v3.19 biblatex localization (PK/MW)
Package biblatex Info: Trying to load language 'magyar'...
Package biblatex Info: ... file 'magyar.lbx' found.
 (C:\Users\lemar\AppData\Local\MiKTeX\tex/latex/biblatex/lbx\magyar.lbx
File: magyar.lbx 2023/03/05 v3.19 biblatex localization (PK/MW)
)
Package biblatex Info: Trying to load language 'magyar'...
Package biblatex Info: ... file 'magyar.lbx' found.
 (C:\Users\lemar\AppData\Local\MiKTeX\tex/latex/biblatex/lbx\magyar.lbx
File: magyar.lbx 2023/03/05 v3.19 biblatex localization (PK/MW)
))
Package biblatex Info: Trying to load language 'english'...
Package biblatex Info: ... file 'english.lbx' found.
 (C:\Users\lemar\AppData\Local\MiKTeX\tex/latex/biblatex/lbx\english.lbx
File: english.lbx 2023/03/05 v3.19 biblatex localization (PK/MW)
)
Package biblatex Info: Input encoding 'utf8' detected.
Package biblatex Info: Automatic encoding selection.
(biblatex)             Assuming data encoding 'utf8'.
\openout3 = `elteikthesis_hu.bcf'.

Package biblatex Info: Trying to load bibliographic data...
Package biblatex Info: ... file 'elteikthesis_hu.bbl' found.
 (elteikthesis_hu.bbl)
Package biblatex Info: Reference section=0 on input line 32.
Package biblatex Info: Reference segment=0 on input line 32.
\c@lstlisting=\count500
 (C:\Users\lemar\AppData\Local\MiKTeX\tex/latex/base\report.cls
LaTeX Info: Redefining \cal on input line 577.
LaTeX Info: Redefining \mit on input line 578.
)
LaTeX Font Info:    Trying to load font information for U+msa on input line 40.
 (C:\Users\lemar\AppData\Local\MiKTeX\tex/latex/amsfonts\umsa.fd
File: umsa.fd 2013/01/14 v3.01 AMS symbols A
)
LaTeX Font Info:    Trying to load font information for U+msb on input line 40.
 (C:\Users\lemar\AppData\Local\MiKTeX\tex/latex/amsfonts\umsb.fd
File: umsb.fd 2013/01/14 v3.01 AMS symbols B
)
Package epstopdf Info: Source file: <./images/elte_cimer_szines.eps>
(epstopdf)                    date: 2025-11-28 11:13:31
(epstopdf)                    size: 1093458 bytes
(epstopdf)             Output file: <./images/elte_cimer_szines-eps-converted-to.pdf>
(epstopdf)                    date: 2025-11-28 13:01:42
(epstopdf)                    size: 119514 bytes
(epstopdf)             Command: <miktex-epstopdf --outfile=./images/elte_cimer_szines-eps-converted-to.pdf ./images/elte_cimer_szines.eps>
(epstopdf)             \includegraphics on input line 40.
Package epstopdf Info: Output file is already uptodate.
<./images/elte_cimer_szines-eps-converted-to.pdf, id=30, 399.4925pt x 399.4925pt>
File: ./images/elte_cimer_szines-eps-converted-to.pdf Graphic file (type pdf)
<use ./images/elte_cimer_szines-eps-converted-to.pdf>
Package pdftex.def Info: ./images/elte_cimer_szines-eps-converted-to.pdf  used on input line 40.
(pdftex.def)             Requested size: 106.69783pt x 106.69403pt.

Overfull \vbox (30.11093pt too high) detected at line 40
 []


Overfull \hbox (8.42561pt too wide) in paragraph at lines 40--40
 [][] 
 []

[1


{C:/Users/lemar/AppData/Local/MiKTeX/fonts/map/pdftex/pdftex.map} <./images/elte_cimer_szines-eps-converted-to.pdf>] (elteikthesis_hu.toc
Underfull \hbox (badness 10000) in paragraph at lines 36--36
 [][] [][]\T1/cmr/m/n/12 Szimulcis kr-nye-zet: Pygame vs. Game Engines 
 []

[1])
\tf@toc=\write7
\openout7 = `elteikthesis_hu.toc'.


pdfTeX warning (ext4): destination with the same identifier (name{page.}) has been already used, duplicate ignored
<to be read again> 
                   \relax 
l.45 \tableofcontents
                      [2]
\c@conpageno=\count501
 (intro.tex
1. fejezet.
[3





]) [4] (user/user.tex
2. fejezet.

Underfull \hbox (badness 4699) in paragraph at lines 17--17
[]|\T1/cmr/m/n/12 Windows 10, ma-cOS 10.13+,
 []


Underfull \hbox (badness 1924) in paragraph at lines 19--19
[]|\T1/cmr/m/n/12 Dual-core pro-cesszor (pl. Intel
 []


Overfull \hbox (64.4614pt too wide) in paragraph at lines 13--26
 [] 
 []

[5



]
LaTeX Font Info:    Trying to load font information for T1+cmtt on input line 33.
 (C:\Users\lemar\AppData\Local\MiKTeX\tex/latex/base\t1cmtt.fd
File: t1cmtt.fd 2023/04/13 v2.5m Standard LaTeX font definitions
) [6] (user/pages.tex
<user/images/home_page.png, id=177, 1444.64719pt x 812.28468pt>
File: user/images/home_page.png Graphic file (type png)
<use user/images/home_page.png>
Package pdftex.def Info: user/images/home_page.png  used on input line 10.
(pdftex.def)             Requested size: 341.43437pt x 191.97763pt.
 [7]
Underfull \hbox (badness 10000) in paragraph at lines 17--19

 []

<user/images/input_simulation_time.png, id=183, 392.21532pt x 138.5175pt>
File: user/images/input_simulation_time.png Graphic file (type png)
<use user/images/input_simulation_time.png>
Package pdftex.def Info: user/images/input_simulation_time.png  used on input line 25.
(pdftex.def)             Requested size: 170.71393pt x 60.29054pt.
<user/images/alert.png, id=184, 485.56406pt x 110.66344pt>
File: user/images/alert.png Graphic file (type png)
<use user/images/alert.png>
Package pdftex.def Info: user/images/alert.png  used on input line 33.
(pdftex.def)             Requested size: 170.71393pt x 38.9067pt.
[8 <./user/images/home_page.png> <./user/images/input_simulation_time.png>]
<user/images/project_view.png, id=194, 1444.64719pt x 812.28468pt>
File: user/images/project_view.png Graphic file (type png)
<use user/images/project_view.png>
Package pdftex.def Info: user/images/project_view.png  used on input line 54.
(pdftex.def)             Requested size: 341.43437pt x 191.97763pt.
 [9 <./user/images/alert.png> <./user/images/project_view.png>]
<user/images/zoomed_in.png, id=206, 1444.64719pt x 812.28468pt>
File: user/images/zoomed_in.png Graphic file (type png)
<use user/images/zoomed_in.png>
Package pdftex.def Info: user/images/zoomed_in.png  used on input line 74.
(pdftex.def)             Requested size: 213.39568pt x 119.97827pt.
<user/images/construction_buttons.png, id=207, 325.215pt x 57.21375pt>
File: user/images/construction_buttons.png Graphic file (type png)
<use user/images/construction_buttons.png>
Package pdftex.def Info: user/images/construction_buttons.png  used on input line 94.
(pdftex.def)             Requested size: 298.75264pt x 52.56218pt.
 [10 <./user/images/zoomed_in.png>]
<user/images/track_placement_anchor.png, id=215, 722.7pt x 482.55281pt>
File: user/images/track_placement_anchor.png Graphic file (type png)
<use user/images/track_placement_anchor.png>
Package pdftex.def Info: user/images/track_placement_anchor.png  used on input line 116.
(pdftex.def)             Requested size: 256.07741pt x 170.98714pt.
<user/images/track_construction_different_speeds.png, id=216, 584.1825pt x 414.79968pt>
File: user/images/track_construction_different_speeds.png Graphic file (type png)
<use user/images/track_construction_different_speeds.png>
Package pdftex.def Info: user/images/track_construction_different_speeds.png  used on input line 117.
(pdftex.def)             Requested size: 256.07741pt x 181.83519pt.
<user/images/track_construction_long.png, id=217, 730.98094pt x 422.32782pt>
File: user/images/track_construction_long.png Graphic file (type png)
<use user/images/track_construction_long.png>
Package pdftex.def Info: user/images/track_construction_long.png  used on input line 118.
(pdftex.def)             Requested size: 256.07741pt x 147.94583pt.
 [11 <./user/images/construction_buttons.png>] [12 <./user/images/track_placement_anchor.png> <./user/images/track_construction_different_speeds.png> <./user/images/track_construction_long.png>]
<user/images/tunnel_placement.png, id=238, 552.56438pt x 547.2947pt>
File: user/images/tunnel_placement.png Graphic file (type png)
<use user/images/tunnel_placement.png>
Package pdftex.def Info: user/images/tunnel_placement.png  used on input line 135.
(pdftex.def)             Requested size: 256.07741pt x 253.62924pt.
<user/images/station_placement.png, id=239, 622.57594pt x 442.65375pt>
File: user/images/station_placement.png Graphic file (type png)
<use user/images/station_placement.png>
Package pdftex.def Info: user/images/station_placement.png  used on input line 152.
(pdftex.def)             Requested size: 256.07741pt x 182.07007pt.
<user/images/platform_placement.png, id=240, 516.42938pt x 559.33969pt>
File: user/images/platform_placement.png Graphic file (type png)
<use user/images/platform_placement.png>
Package pdftex.def Info: user/images/platform_placement.png  used on input line 153.
(pdftex.def)             Requested size: 256.07741pt x 277.36475pt.
<user/images/station_movement.png, id=241, 781.41937pt x 661.72218pt>
File: user/images/station_movement.png Graphic file (type png)
<use user/images/station_movement.png>
Package pdftex.def Info: user/images/station_movement.png  used on input line 154.
(pdftex.def)             Requested size: 256.07741pt x 216.85443pt.
 [13 <./user/images/tunnel_placement.png>]
Overfull \vbox (11.87187pt too high) has occurred while \output is active []

 [14 <./user/images/station_placement.png> <./user/images/platform_placement.png> <./user/images/station_movement.png>]
<user/images/signal_placement.png, id=259, 377.15906pt x 275.52937pt>
File: user/images/signal_placement.png Graphic file (type png)
<use user/images/signal_placement.png>
Package pdftex.def Info: user/images/signal_placement.png  used on input line 167.
(pdftex.def)             Requested size: 256.07741pt x 187.0716pt.
<user/images/signal_rotation.png, id=260, 382.42876pt x 289.83281pt>
File: user/images/signal_rotation.png Graphic file (type png)
<use user/images/signal_rotation.png>
Package pdftex.def Info: user/images/signal_rotation.png  used on input line 168.
(pdftex.def)             Requested size: 256.07741pt x 194.08525pt.
 [15 <./user/images/signal_placement.png> <./user/images/signal_rotation.png>]
<user/images/deleting_track.png, id=270, 900.36375pt x 523.20468pt>
File: user/images/deleting_track.png Graphic file (type png)
<use user/images/deleting_track.png>
Package pdftex.def Info: user/images/deleting_track.png  used on input line 183.
(pdftex.def)             Requested size: 256.07741pt x 148.80353pt.
<user/images/deleting_signal.png, id=271, 685.05937pt x 532.99126pt>
File: user/images/deleting_signal.png Graphic file (type png)
<use user/images/deleting_signal.png>
Package pdftex.def Info: user/images/deleting_signal.png  used on input line 184.
(pdftex.def)             Requested size: 256.07741pt x 199.23688pt.
<user/images/train_placement.png, id=272, 624.08156pt x 472.76625pt>
File: user/images/train_placement.png Graphic file (type png)
<use user/images/train_placement.png>
Package pdftex.def Info: user/images/train_placement.png  used on input line 199.
(pdftex.def)             Requested size: 298.75264pt x 226.31926pt.
 [16 <./user/images/deleting_track.png> <./user/images/deleting_signal.png>]
<user/images/train_deletion.png, id=281, 895.84688pt x 354.57469pt>
File: user/images/train_deletion.png Graphic file (type png)
<use user/images/train_deletion.png>
Package pdftex.def Info: user/images/train_deletion.png  used on input line 208.
(pdftex.def)             Requested size: 298.75264pt x 118.24356pt.
<user/images/timetable_list.png, id=282, 1444.64719pt x 755.07094pt>
File: user/images/timetable_list.png Graphic file (type png)
<use user/images/timetable_list.png>
Package pdftex.def Info: user/images/timetable_list.png  used on input line 221.
(pdftex.def)             Requested size: 341.43437pt x 178.45558pt.
 [17 <./user/images/train_placement.png> <./user/images/train_deletion.png>]
<user/images/timetable_editor.png, id=291, 557.83406pt x 689.57625pt>
File: user/images/timetable_editor.png Graphic file (type png)
<use user/images/timetable_editor.png>
Package pdftex.def Info: user/images/timetable_editor.png  used on input line 231.
(pdftex.def)             Requested size: 256.07741pt x 316.55655pt.
 [18 <./user/images/timetable_list.png> <./user/images/timetable_editor.png>]
<user/images/timetable_editor_selected_station.png, id=301, 557.08125pt x 411.78844pt>
File: user/images/timetable_editor_selected_station.png Graphic file (type png)
<use user/images/timetable_editor_selected_station.png>
Package pdftex.def Info: user/images/timetable_editor_selected_station.png  used on input line 245.
(pdftex.def)             Requested size: 341.43437pt x 252.39069pt.
<user/images/simulation_page.png, id=302, 1444.64719pt x 812.28468pt>
File: user/images/simulation_page.png Graphic file (type png)
<use user/images/simulation_page.png>
Package pdftex.def Info: user/images/simulation_page.png  used on input line 257.
(pdftex.def)             Requested size: 341.43437pt x 191.97763pt.
 [19 <./user/images/timetable_editor_selected_station.png>]
<user/images/route_preview.png, id=309, 1307.63531pt x 562.35094pt>
File: user/images/route_preview.png Graphic file (type png)
<use user/images/route_preview.png>
Package pdftex.def Info: user/images/route_preview.png  used on input line 285.
(pdftex.def)             Requested size: 298.75264pt x 128.47133pt.
 [20 <./user/images/simulation_page.png>]
<user/images/route_before_blockers.png, id=321, 1202.99437pt x 428.35031pt>
File: user/images/route_before_blockers.png Graphic file (type png)
<use user/images/route_before_blockers.png>
Package pdftex.def Info: user/images/route_before_blockers.png  used on input line 295.
(pdftex.def)             Requested size: 298.75264pt x 106.37488pt.
<user/images/route_after_blockers.png, id=322, 1178.90437pt x 440.39531pt>
File: user/images/route_after_blockers.png Graphic file (type png)
<use user/images/route_after_blockers.png>
Package pdftex.def Info: user/images/route_after_blockers.png  used on input line 296.
(pdftex.def)             Requested size: 298.75264pt x 111.6038pt.
<user/images/auto_signal.png, id=323, 508.14844pt x 172.39406pt>
File: user/images/auto_signal.png Graphic file (type png)
<use user/images/auto_signal.png>
Package pdftex.def Info: user/images/auto_signal.png  used on input line 306.
(pdftex.def)             Requested size: 256.07741pt x 86.87811pt.
<user/images/auto_signal_multiple.png, id=324, 480.29437pt x 152.06813pt>
File: user/images/auto_signal_multiple.png Graphic file (type png)
<use user/images/auto_signal_multiple.png>
Package pdftex.def Info: user/images/auto_signal_multiple.png  used on input line 307.
(pdftex.def)             Requested size: 256.07741pt x 81.07835pt.
<user/images/auto_signal_occupied.png, id=325, 574.39594pt x 256.70906pt>
File: user/images/auto_signal_occupied.png Graphic file (type png)
<use user/images/auto_signal_occupied.png>
Package pdftex.def Info: user/images/auto_signal_occupied.png  used on input line 308.
(pdftex.def)             Requested size: 256.07741pt x 114.44864pt.
 [21 <./user/images/route_preview.png> <./user/images/route_before_blockers.png> <./user/images/route_after_blockers.png>]
<user/images/train_panels_late_on_time.png, id=335, 1444.64719pt x 812.28468pt>
File: user/images/train_panels_late_on_time.png Graphic file (type png)
<use user/images/train_panels_late_on_time.png>
Package pdftex.def Info: user/images/train_panels_late_on_time.png  used on input line 322.
(pdftex.def)             Requested size: 341.43437pt x 191.97763pt.
 [22 <./user/images/auto_signal.png> <./user/images/auto_signal_multiple.png> <./user/images/auto_signal_occupied.png>])
<user/images/save_open_exit.png, id=345, 55.70813pt x 143.78719pt>
File: user/images/save_open_exit.png Graphic file (type png)
<use user/images/save_open_exit.png>
Package pdftex.def Info: user/images/save_open_exit.png  used on input line 82.
(pdftex.def)             Requested size: 170.71393pt x 440.66312pt.
 [23 <./user/images/train_panels_late_on_time.png>]
<user/images/unsaved.png, id=353, 53.44969pt x 51.19125pt>
File: user/images/unsaved.png Graphic file (type png)
<use user/images/unsaved.png>
Package pdftex.def Info: user/images/unsaved.png  used on input line 93.
(pdftex.def)             Requested size: 42.68173pt x 40.87805pt.
 [24 <./user/images/save_open_exit.png>]) [25 <./user/images/unsaved.png>] (impl/impl.tex
3. fejezet.
[26



]
\openout2 = `impl/decisions.aux'.

 (impl/decisions.tex
Underfull \hbox (badness 2088) in paragraph at lines 17--17
[]\T1/cmr/bx/n/14.4 Szimulcis kr-nye-zet: Pygame vs. Game Engines
 []

[27

] [28]
Underfull \hbox (badness 2302) in paragraph at lines 64--66
[]\T1/cmr/m/n/12 Ezen hi--nyos-s-gok t-hi-da-l-s-ra v-lasz-tot-tam a \T1/cmr/bx/n/12 PyQt6 \T1/cmr/m/n/12 ke-ret-rend-szert a
 []

) [29]
Underfull \hbox (badness 1205) in paragraph at lines 27--28
[]\T1/cmr/m/n/12 A pro-jek-tek l-la-po-t-nak men-t-se s be-tl-t-se \T1/cmr/bx/n/12 JSON \T1/cmr/m/n/12 (JavaScript Object
 []

[30


] [31]
\openout2 = `impl/app_architecture/app_architecture.aux'.

 (impl/app_architecture/app_architecture.tex (impl/app_architecture/core.tex
LaTeX Font Info:    Font shape `T1/cmtt/bx/n' in size <12> not available
(Font)              Font shape `T1/cmtt/m/n' tried instead on input line 9.
 [32

] (C:\Users\lemar\AppData\Local\MiKTeX\tex/latex/listings\lstlang1.sty
File: lstlang1.sty 2023/02/27 1.9 listings language file
)
Package hyperref Info: bookmark level for unknown lstlisting defaults to 0 on input line 15.
 [33] [34]
Underfull \hbox (badness 1783) in paragraph at lines 78--79
[]\T1/cmtt/m/n/12 signalling_service.py\T1/cmr/bx/n/12 : \T1/cmr/m/n/12 A biz-to-s-t-be-ren-de-zs lo-gi-k-jt imp-le-men-tl-ja.
 []


Underfull \hbox (badness 1371) in paragraph at lines 84--85
[]\T1/cmtt/m/n/12 station_repository.py\T1/cmr/m/n/12 , \T1/cmtt/m/n/12 signal_repository.py\T1/cmr/m/n/12 , \T1/cmtt/m/n/12 train_repository.py\T1/cmr/m/n/12 ,
 []

[35]) (impl/app_architecture/shared.tex [36] [37] [38]
<impl/app_architecture/ui_models_uml.png, id=514, 1557.82pt x 574.145pt>
File: impl/app_architecture/ui_models_uml.png Graphic file (type png)
<use impl/app_architecture/ui_models_uml.png>
Package pdftex.def Info: impl/app_architecture/ui_models_uml.png  used on input line 113.
(pdftex.def)             Requested size: 341.43437pt x 125.83044pt.
 [39 <./impl/app_architecture/ui_models_uml.png>]
Underfull \hbox (badness 1205) in paragraph at lines 132--134
[]\T1/cmr/m/n/12 A pro-jekt n-zet be-l-p-si pont-ja.
 []

[40]) (impl/app_architecture/setup_module.tex [41]
Underfull \hbox (badness 1178) in paragraph at lines 34--35
[]\T1/cmtt/m/n/12 timetable_button.py\T1/cmr/m/n/12 : A menetrend-szerkeszt fe-l-let meg-nyi-t-s-ra
 []

) (impl/app_architecture/construction_module.tex [42] [43]
<impl/app_architecture/construction_module_uml.png, id=570, 1490.56876pt x 711.65875pt>
File: impl/app_architecture/construction_module_uml.png Graphic file (type png)
<use impl/app_architecture/construction_module_uml.png>
Package pdftex.def Info: impl/app_architecture/construction_module_uml.png  used on input line 44.
(pdftex.def)             Requested size: 341.43437pt x 163.0048pt.
) (impl/app_architecture/train_placement_module.tex [44 <./impl/app_architecture/construction_module_uml.png (PNG copy)>] [45]
<impl/app_architecture/train_placement_module_uml.png, id=587, 1971.365pt x 822.07124pt>
File: impl/app_architecture/train_placement_module_uml.png Graphic file (type png)
<use impl/app_architecture/train_placement_module_uml.png>
Package pdftex.def Info: impl/app_architecture/train_placement_module_uml.png  used on input line 41.
(pdftex.def)             Requested size: 341.43437pt x 142.3719pt.
) (impl/app_architecture/simulation_module.tex [46 <./impl/app_architecture/train_placement_module_uml.png>]
<impl/app_architecture/simulation_module_uml.png, id=599, 1909.1325pt x 730.73pt>
File: impl/app_architecture/simulation_module_uml.png Graphic file (type png)
<use impl/app_architecture/simulation_module_uml.png>
Package pdftex.def Info: impl/app_architecture/simulation_module_uml.png  used on input line 57.
(pdftex.def)             Requested size: 341.43437pt x 130.67831pt.
 [47]) (impl/app_architecture/timetable_module.tex [48 <./impl/app_architecture/simulation_module_uml.png>])) [49]) [50


] (samples_hu/sum.tex
4. fejezet.
) [51



] (samples_hu/sim.tex [52



]
A. f\"uggel\'ek.
) [53

] [54] [55



] (elteikthesis_hu.lof [56


])
\tf@lof=\write8
\openout8 = `elteikthesis_hu.lof'.

 [57] (elteikthesis_hu.lot)
\tf@lot=\write9
\openout9 = `elteikthesis_hu.lot'.

 [58


] (elteikthesis_hu.loa)
\tf@loa=\write10
\openout10 = `elteikthesis_hu.loa'.

 [59



] (elteikthesis_hu.lol)
\tf@lol=\write11
\openout11 = `elteikthesis_hu.lol'.

 [60



] (elteikthesis_hu.aux (impl/decisions.aux) (impl/app_architecture/app_architecture.aux))
 ***********
LaTeX2e <2023-11-01> patch level 1
L3 programming layer <2024-01-04>
 ***********
Package logreq Info: Writing requests to 'elteikthesis_hu.run.xml'.
\openout1 = `elteikthesis_hu.run.xml'.

 ) 
Here is how much of TeX's memory you used:
 40613 strings out of 474486
 768383 string characters out of 5747975
 2042542 words of memory out of 5000000
 61859 multiletter control sequences out of 15000+600000
 581219 words of font info for 92 fonts, out of 8000000 for 9000
 1141 hyphenation exceptions out of 8191
 124i,13n,145p,1103b,2311s stack positions out of 10000i,1000n,20000p,200000b,200000s
 <C:\Users\lemar\AppData\Local\MiKTeX\fonts/pk/ljfour/jknappen/ec/dpi600\ecbi1200.pk> <C:\Users\lemar\AppData\Local\MiKTeX\fonts/pk/ljfour/jknappen/ec/dpi600\ectt1000.pk> <C:\Users\lemar\AppData\Local\MiKTeX\fonts/pk/ljfour/jknappen/ec/dpi600\ecrm0600.pk> <C:\Users\lemar\AppData\Local\MiKTeX\fonts/pk/ljfour/jknappen/ec/dpi600\tcrm1200.pk> <C:\Users\lemar\AppData\Local\MiKTeX\fonts/pk/ljfour/jknappen/ec/dpi600\ectt1200.pk> <C:\Users\lemar\AppData\Local\MiKTeX\fonts/pk/ljfour/jknappen/ec/dpi600\ecbx1440.pk> <C:\Users\lemar\AppData\Local\MiKTeX\fonts/pk/ljfour/jknappen/ec/dpi600\ecbx1728.pk> <C:\Users\lemar\AppData\Local\MiKTeX\fonts/pk/ljfour/jknappen/ec/dpi600\ecsl1200.pk> <C:\Users\lemar\AppData\Local\MiKTeX\fonts/pk/ljfour/jknappen/ec/dpi600\ecbx1200.pk> <C:\Users\lemar\AppData\Local\MiKTeX\fonts/pk/ljfour/jknappen/ec/dpi600\ecbx2488.pk> <C:\Users\lemar\AppData\Local\MiKTeX\fonts/pk/ljfour/jknappen/ec/dpi600\ecti1200.pk> <C:\Users\lemar\AppData\Local\MiKTeX\fonts/pk/ljfour/jknappen/ec/dpi600\ecrm1200.pk> <C:\Users\lemar\AppData\Local\MiKTeX\fonts/pk/ljfour/jknappen/ec/dpi600\ecrm1440.pk> <C:\Users\lemar\AppData\Local\MiKTeX\fonts/pk/ljfour/jknappen/ec/dpi600\ecti1440.pk> <C:\Users\lemar\AppData\Local\MiKTeX\fonts/pk/ljfour/jknappen/ec/dpi600\ecbx2074.pk> <C:\Users\lemar\AppData\Local\MiKTeX\fonts/pk/ljfour/jknappen/ec/dpi600\eccc1440.pk> <C:\Users\lemar\AppData\Local\MiKTeX\fonts/pk/ljfour/jknappen/ec/dpi600\eccc1728.pk>
Output written on elteikthesis_hu.pdf (61 pages, 1439090 bytes).
PDF statistics:
 1588 PDF objects out of 1728 (max. 8388607)
 290 named destinations out of 1000 (max. 500000)
 630 words of extra memory for PDF output out of 10000 (max. 10000000)

